[debug] [2020-02-29T04:17:54.198Z] ----------------------------------------------------------------------
[debug] [2020-02-29T04:17:54.201Z] Command:       C:\Program Files\nodejs\node.exe C:\Users\Asus\AppData\Roaming\npm\node_modules\firebase-tools\lib\bin\firebase.js init
[debug] [2020-02-29T04:17:54.201Z] CLI Version:   7.12.1
[debug] [2020-02-29T04:17:54.201Z] Platform:      win32
[debug] [2020-02-29T04:17:54.201Z] Node Version:  v12.13.0
[debug] [2020-02-29T04:17:54.202Z] Time:          Sat Feb 29 2020 11:17:54 GMT+0700 (GMT+07:00)
[debug] [2020-02-29T04:17:54.202Z] ----------------------------------------------------------------------
[debug] [2020-02-29T04:17:54.202Z] 
[debug] [2020-02-29T04:17:54.256Z] > command requires scopes: ["email","openid","https://www.googleapis.com/auth/cloudplatformprojects.readonly","https://www.googleapis.com/auth/firebase","https://www.googleapis.com/auth/cloud-platform"]
[debug] [2020-02-29T04:17:54.256Z] > authorizing via signed-in user
[info] 
     ######## #### ########  ######## ########     ###     ######  ########
     ##        ##  ##     ## ##       ##     ##  ##   ##  ##       ##
     ######    ##  ########  ######   ########  #########  ######  ######
     ##        ##  ##    ##  ##       ##     ## ##     ##       ## ##
     ##       #### ##     ## ######## ########  ##     ##  ######  ########

You're about to initialize a Firebase project in this directory:

  E:\my-project-BKKBN-combined

Before we get started, keep in mind:

  * You are initializing in an existing Firebase project directory

